<?xml version="1.0" encoding="UTF-8"?>
<testsuite xmlns:xsi="http://www.w3.org/2001/XMLSchema-instance" xsi:noNamespaceSchemaLocation="https://maven.apache.org/surefire/maven-surefire-plugin/xsd/surefire-test-report.xsd" name="bachelorarbeit.ResetScriptTest" time="0.023" tests="2" errors="0" skipped="0" failures="1">
  <properties>
[...]
</properties>
  <testcase name="testFixed" classname="bachelorarbeit.ResetScriptTest" time="0.003"/>
  <testcase name="test" classname="bachelorarbeit.ResetScriptTest" time="0.015">
    <failure message="-- Dump completed on 2017-05-02 16:56:42 ==&gt; expected: &lt;true&gt; but was: &lt;false&gt;" type="org.opentest4j.AssertionFailedError"><![CDATA[org.opentest4j.AssertionFailedError: -- Dump completed on 2017-05-02 16:56:42 ==> expected: <true> but was: <false>
	at bachelorarbeit.ResetScriptTest.runTest(ResetScriptTest.java:74)
	at bachelorarbeit.ResetScriptTest.test(ResetScriptTest.java:96)
]]></failure>
    <system-err><![CDATA[DROP DATABASE `airport`;
CREATE DATABASE `airport`;
use `airport`;
CREATE TABLE `airport`.`country` (
  `CountryISO3166_2LetterCode` char(2) NOT NULL,
  `CountryName` varchar(100) NOT NULL,
  PRIMARY KEY (`CountryISO3166_2LetterCode`)
) ENGINE=InnoDB DEFAULT CHARSET=utf8;
INSERT INTO `airport`.`country` VALUES ('CA','Canada'),('DE','Germany'),('FR','France'),('GB','United Kingdom'),('GR','Greece'),('IT','Italy'),('NO','Norway');
DROP DATABASE `airport`;
CREATE DATABASE `airport`;
use `airport`;
CREATE TABLE `airport`.`country` (
  `CountryISO3166_2LetterCode` char(2) NOT NULL,
  `CountryName` varchar(100) NOT NULL,
  PRIMARY KEY (`CountryISO3166_2LetterCode`)
) ENGINE=InnoDB DEFAULT CHARSET=utf8;
INSERT INTO `airport`.`country` VALUES ('CA','Canada'),('DE','Germany'),('FR','France'),('GB','United Kingdom'),('GR','Greece'),('IT','Italy'),('NO','Norway');
-- Dump completed on 2017-05-02 16:56:42
]]></system-err>
  </testcase>
</testsuite>